<?xml version="1.0" encoding="UTF-8"?>
<testsuite name="com.study.jpa_basic.JpaBasicApplicationTests" tests="1" skipped="0" failures="0" errors="0" timestamp="2023-01-16T04:26:45" hostname="MacSter.local" time="0.353">
  <properties/>
  <testcase name="contextLoads()" classname="com.study.jpa_basic.JpaBasicApplicationTests" time="0.353"/>
  <system-out><![CDATA[13:26:38.460 [Test worker] DEBUG org.springframework.test.context.BootstrapUtils - Instantiating CacheAwareContextLoaderDelegate from class [org.springframework.test.context.cache.DefaultCacheAwareContextLoaderDelegate]
13:26:38.478 [Test worker] DEBUG org.springframework.test.context.BootstrapUtils - Instantiating BootstrapContext using constructor [public org.springframework.test.context.support.DefaultBootstrapContext(java.lang.Class,org.springframework.test.context.CacheAwareContextLoaderDelegate)]
13:26:38.540 [Test worker] DEBUG org.springframework.test.context.BootstrapUtils - Instantiating TestContextBootstrapper for test class [com.study.jpa_basic.JpaBasicApplicationTests] from class [org.springframework.boot.test.context.SpringBootTestContextBootstrapper]
13:26:38.553 [Test worker] INFO org.springframework.boot.test.context.SpringBootTestContextBootstrapper - Neither @ContextConfiguration nor @ContextHierarchy found for test class [com.study.jpa_basic.JpaBasicApplicationTests], using SpringBootContextLoader
13:26:38.558 [Test worker] DEBUG org.springframework.test.context.support.AbstractContextLoader - Did not detect default resource location for test class [com.study.jpa_basic.JpaBasicApplicationTests]: class path resource [com/study/jpa_basic/JpaBasicApplicationTests-context.xml] does not exist
13:26:38.559 [Test worker] DEBUG org.springframework.test.context.support.AbstractContextLoader - Did not detect default resource location for test class [com.study.jpa_basic.JpaBasicApplicationTests]: class path resource [com/study/jpa_basic/JpaBasicApplicationTestsContext.groovy] does not exist
13:26:38.559 [Test worker] INFO org.springframework.test.context.support.AbstractContextLoader - Could not detect default resource locations for test class [com.study.jpa_basic.JpaBasicApplicationTests]: no resource found for suffixes {-context.xml, Context.groovy}.
13:26:38.559 [Test worker] INFO org.springframework.test.context.support.AnnotationConfigContextLoaderUtils - Could not detect default configuration classes for test class [com.study.jpa_basic.JpaBasicApplicationTests]: JpaBasicApplicationTests does not declare any static, non-private, non-final, nested classes annotated with @Configuration.
13:26:38.620 [Test worker] DEBUG org.springframework.test.context.support.ActiveProfilesUtils - Could not find an 'annotation declaring class' for annotation type [org.springframework.test.context.ActiveProfiles] and class [com.study.jpa_basic.JpaBasicApplicationTests]
13:26:38.715 [Test worker] DEBUG org.springframework.context.annotation.ClassPathScanningCandidateComponentProvider - Identified candidate component class: file [/Users/jukim/Code/Study/Spring/JPA/자바 ORM 표준 JPA 프로그래밍 - 기본편/jpa_basic/build/classes/java/main/com/study/jpa_basic/JpaBasicApplication.class]
13:26:38.718 [Test worker] INFO org.springframework.boot.test.context.SpringBootTestContextBootstrapper - Found @SpringBootConfiguration com.study.jpa_basic.JpaBasicApplication for test class com.study.jpa_basic.JpaBasicApplicationTests
13:26:38.872 [Test worker] DEBUG org.springframework.boot.test.context.SpringBootTestContextBootstrapper - @TestExecutionListeners is not present for class [com.study.jpa_basic.JpaBasicApplicationTests]: using defaults.
13:26:38.873 [Test worker] INFO org.springframework.boot.test.context.SpringBootTestContextBootstrapper - Loaded default TestExecutionListener class names from location [META-INF/spring.factories]: [org.springframework.boot.test.autoconfigure.restdocs.RestDocsTestExecutionListener, org.springframework.boot.test.autoconfigure.web.client.MockRestServiceServerResetTestExecutionListener, org.springframework.boot.test.autoconfigure.web.servlet.MockMvcPrintOnlyOnFailureTestExecutionListener, org.springframework.boot.test.autoconfigure.web.servlet.WebDriverTestExecutionListener, org.springframework.boot.test.autoconfigure.webservices.client.MockWebServiceServerTestExecutionListener, org.springframework.boot.test.mock.mockito.MockitoTestExecutionListener, org.springframework.boot.test.mock.mockito.ResetMocksTestExecutionListener, org.springframework.test.context.web.ServletTestExecutionListener, org.springframework.test.context.support.DirtiesContextBeforeModesTestExecutionListener, org.springframework.test.context.event.ApplicationEventsTestExecutionListener, org.springframework.test.context.support.DependencyInjectionTestExecutionListener, org.springframework.test.context.support.DirtiesContextTestExecutionListener, org.springframework.test.context.transaction.TransactionalTestExecutionListener, org.springframework.test.context.jdbc.SqlScriptsTestExecutionListener, org.springframework.test.context.event.EventPublishingTestExecutionListener]
13:26:38.960 [Test worker] INFO org.springframework.boot.test.context.SpringBootTestContextBootstrapper - Using TestExecutionListeners: [org.springframework.test.context.web.ServletTestExecutionListener@5bbc9f97, org.springframework.test.context.support.DirtiesContextBeforeModesTestExecutionListener@133e019b, org.springframework.test.context.event.ApplicationEventsTestExecutionListener@41382722, org.springframework.boot.test.mock.mockito.MockitoTestExecutionListener@7dac3fd8, org.springframework.boot.test.autoconfigure.SpringBootDependencyInjectionTestExecutionListener@425357dd, org.springframework.test.context.support.DirtiesContextTestExecutionListener@2102a4d5, org.springframework.test.context.transaction.TransactionalTestExecutionListener@210386e0, org.springframework.test.context.jdbc.SqlScriptsTestExecutionListener@3d4d3fe7, org.springframework.test.context.event.EventPublishingTestExecutionListener@65f87a2c, org.springframework.boot.test.autoconfigure.restdocs.RestDocsTestExecutionListener@51684e4a, org.springframework.boot.test.autoconfigure.web.client.MockRestServiceServerResetTestExecutionListener@6ce1f601, org.springframework.boot.test.autoconfigure.web.servlet.MockMvcPrintOnlyOnFailureTestExecutionListener@38875e7d, org.springframework.boot.test.autoconfigure.web.servlet.WebDriverTestExecutionListener@1e886a5b, org.springframework.boot.test.autoconfigure.webservices.client.MockWebServiceServerTestExecutionListener@d816dde, org.springframework.boot.test.mock.mockito.ResetMocksTestExecutionListener@6e33c391]
13:26:38.968 [Test worker] DEBUG org.springframework.test.context.support.AbstractDirtiesContextTestExecutionListener - Before test class: context [DefaultTestContext@5305c37d testClass = JpaBasicApplicationTests, testInstance = [null], testMethod = [null], testException = [null], mergedContextConfiguration = [WebMergedContextConfiguration@51a06cbe testClass = JpaBasicApplicationTests, locations = '{}', classes = '{class com.study.jpa_basic.JpaBasicApplication}', contextInitializerClasses = '[]', activeProfiles = '{}', propertySourceLocations = '{}', propertySourceProperties = '{org.springframework.boot.test.context.SpringBootTestContextBootstrapper=true}', contextCustomizers = set[org.springframework.boot.test.autoconfigure.actuate.metrics.MetricsExportContextCustomizerFactory$DisableMetricExportContextCustomizer@66b7550d, org.springframework.boot.test.autoconfigure.properties.PropertyMappingContextCustomizer@0, org.springframework.boot.test.autoconfigure.web.servlet.WebDriverContextCustomizerFactory$Customizer@5bc9ba1d, org.springframework.boot.test.context.filter.ExcludeFilterContextCustomizer@4189d70b, org.springframework.boot.test.json.DuplicateJsonObjectContextCustomizerFactory$DuplicateJsonObjectContextCustomizer@320de594, org.springframework.boot.test.mock.mockito.MockitoContextCustomizer@0, org.springframework.boot.test.web.client.TestRestTemplateContextCustomizer@7fc6de5b, org.springframework.boot.test.context.SpringBootTestArgs@1, org.springframework.boot.test.context.SpringBootTestWebEnvironment@74287ea3], resourceBasePath = 'src/main/webapp', contextLoader = 'org.springframework.boot.test.context.SpringBootContextLoader', parent = [null]], attributes = map['org.springframework.test.context.web.ServletTestExecutionListener.activateListener' -> true]], class annotated with @DirtiesContext [false] with mode [null].

  .   ____          _            __ _ _
 /\\ / ___'_ __ _ _(_)_ __  __ _ \ \ \ \
( ( )\___ | '_ | '_| | '_ \/ _` | \ \ \ \
 \\/  ___)| |_)| | | | | || (_| |  ) ) ) )
  '  |____| .__|_| |_|_| |_\__, | / / / /
 =========|_|==============|___/=/_/_/_/
 :: Spring Boot ::                (v2.7.7)

2023-01-16 13:26:39.929  INFO 17006 --- [    Test worker] c.s.jpa_basic.JpaBasicApplicationTests   : Starting JpaBasicApplicationTests using Java 11.0.11 on MacSter.local with PID 17006 (started by jukim in /Users/jukim/Code/Study/Spring/JPA/자바 ORM 표준 JPA 프로그래밍 - 기본편/jpa_basic)
2023-01-16 13:26:39.934  INFO 17006 --- [    Test worker] c.s.jpa_basic.JpaBasicApplicationTests   : No active profile set, falling back to 1 default profile: "default"
2023-01-16 13:26:41.479  INFO 17006 --- [    Test worker] .s.d.r.c.RepositoryConfigurationDelegate : Bootstrapping Spring Data JPA repositories in DEFAULT mode.
2023-01-16 13:26:41.511  INFO 17006 --- [    Test worker] .s.d.r.c.RepositoryConfigurationDelegate : Finished Spring Data repository scanning in 20 ms. Found 0 JPA repository interfaces.
2023-01-16 13:26:42.722  INFO 17006 --- [    Test worker] com.zaxxer.hikari.HikariDataSource       : HikariPool-1 - Starting...
2023-01-16 13:26:42.990  INFO 17006 --- [    Test worker] com.zaxxer.hikari.HikariDataSource       : HikariPool-1 - Start completed.
2023-01-16 13:26:43.149  INFO 17006 --- [    Test worker] o.hibernate.jpa.internal.util.LogHelper  : HHH000204: Processing PersistenceUnitInfo [name: default]
2023-01-16 13:26:43.259  INFO 17006 --- [    Test worker] org.hibernate.Version                    : HHH000412: Hibernate ORM core version 5.6.14.Final
2023-01-16 13:26:43.505  INFO 17006 --- [    Test worker] o.hibernate.annotations.common.Version   : HCANN000001: Hibernate Commons Annotations {5.1.2.Final}
2023-01-16 13:26:43.695  INFO 17006 --- [    Test worker] org.hibernate.dialect.Dialect            : HHH000400: Using dialect: org.hibernate.dialect.H2Dialect
2023-01-16 13:26:44.037  INFO 17006 --- [    Test worker] o.h.e.t.j.p.i.JtaPlatformInitiator       : HHH000490: Using JtaPlatform implementation: [org.hibernate.engine.transaction.jta.platform.internal.NoJtaPlatform]
2023-01-16 13:26:44.050  INFO 17006 --- [    Test worker] j.LocalContainerEntityManagerFactoryBean : Initialized JPA EntityManagerFactory for persistence unit 'default'
2023-01-16 13:26:44.653  WARN 17006 --- [    Test worker] JpaBaseConfiguration$JpaWebConfiguration : spring.jpa.open-in-view is enabled by default. Therefore, database queries may be performed during view rendering. Explicitly configure spring.jpa.open-in-view to disable this warning
2023-01-16 13:26:45.880  INFO 17006 --- [    Test worker] c.s.jpa_basic.JpaBasicApplicationTests   : Started JpaBasicApplicationTests in 6.84 seconds (JVM running for 8.804)
]]></system-out>
  <system-err><![CDATA[]]></system-err>
</testsuite>
